<?xml version="1.0" encoding="UTF-8"?>
<!-- Generated by org.testng.reporters.JUnitReportReporter -->
<testsuite hostname="LAPTOP-KA9VHP1F" failures="0" tests="2" name="com.application.testrunner.TestRunner" time="35.564" errors="0" timestamp="2024-03-26T13:35:54 IST" skipped="0">
  <testcase classname="com.application.testrunner.TestRunner" name="runScenario" time="19.398"/>
  <system-out/>
  <testcase classname="com.application.testrunner.TestRunner" name="runScenario" time="16.166"/>
  <system-out/>
</testsuite> <!-- com.application.testrunner.TestRunner -->
